This is pdfTeX, Version 3.141592653-2.6-1.40.24 (MiKTeX 22.1) (preloaded format=pdflatex 2024.12.1)  1 DEC 2024 16:46
entering extended mode
 restricted \write18 enabled.
 %&-line parsing enabled.
**./Divyanshu_Alok_Resume.tex
(Divyanshu_Alok_Resume.tex
LaTeX2e <2024-11-01>
L3 programming layer <2024-11-02>

(/Users/divyanshu/Library/Application Support/MiKTeX/texmfs/install/tex/latex/b
ase/article.cls
Document Class: article 2024/06/29 v1.4n Standard LaTeX document class

(/Users/divyanshu/Library/Application Support/MiKTeX/texmfs/install/tex/latex/b
ase/size11.clo
File: size11.clo 2024/06/29 v1.4n Standard LaTeX file (size option)
)
\c@part=\count196
\c@section=\count197
\c@subsection=\count198
\c@subsubsection=\count199
\c@paragraph=\count266
\c@subparagraph=\count267
\c@figure=\count268
\c@table=\count269
\abovecaptionskip=\skip49
\belowcaptionskip=\skip50
\bibindent=\dimen141
)
(/Users/divyanshu/Library/Application Support/MiKTeX/texmfs/install/tex/latex/b
ase/latexsym.sty
Package: latexsym 1998/08/17 v2.2e Standard LaTeX package (lasy symbols)
\symlasy=\mathgroup4
LaTeX Font Info:    Overwriting symbol font `lasy' in version `bold'
(Font)                  U/lasy/m/n --> U/lasy/b/n on input line 52.
)
(/Users/divyanshu/Library/Application Support/MiKTeX/texmfs/install/tex/latex/p
reprint/fullpage.sty
Package: fullpage 1999/02/23 1.1 (PWD)
\FP@margin=\skip51
)
(/Users/divyanshu/Library/Application Support/MiKTeX/texmfs/install/tex/latex/t
itlesec/titlesec.sty
Package: titlesec 2023/10/27 v2.16 Sectioning titles
\ttl@box=\box52
\beforetitleunit=\skip52
\aftertitleunit=\skip53
\ttl@plus=\dimen142
\ttl@minus=\dimen143
\ttl@toksa=\toks17
\titlewidth=\dimen144
\titlewidthlast=\dimen145
\titlewidthfirst=\dimen146
)
(/Users/divyanshu/Library/Application Support/MiKTeX/texmfs/install/tex/latex/m
arvosym/marvosym.sty
Package: marvosym 2011/07/20 v2.2 Martin Vogel's Symbols font definitions
)
(/Users/divyanshu/Library/Application Support/MiKTeX/texmfs/install/tex/latex/g
raphics/color.sty
Package: color 2024/06/23 v1.3e Standard LaTeX Color (DPC)

(/Users/divyanshu/Library/Application Support/MiKTeX/texmfs/install/tex/latex/g
raphics-cfg/color.cfg
File: color.cfg 2016/01/02 v1.6 sample color configuration
)
Package color Info: Driver file: pdftex.def on input line 149.

(/Users/divyanshu/Library/Application Support/MiKTeX/texmfs/install/tex/latex/g
raphics-def/pdftex.def
File: pdftex.def 2024/04/13 v1.2c Graphics/color driver for pdftex
)
(/Users/divyanshu/Library/Application Support/MiKTeX/texmfs/install/tex/latex/g
raphics/dvipsnam.def
File: dvipsnam.def 2016/06/17 v3.0m Driver-dependent file (DPC,SPQR)
)
(/Users/divyanshu/Library/Application Support/MiKTeX/texmfs/install/tex/latex/g
raphics/mathcolor.ltx))
(/Users/divyanshu/Library/Application Support/MiKTeX/texmfs/install/tex/latex/t
ools/verbatim.sty
Package: verbatim 2024-01-22 v1.5x LaTeX2e package for verbatim enhancements
\every@verbatim=\toks18
\verbatim@line=\toks19
\verbatim@in@stream=\read2
)
(/Users/divyanshu/Library/Application Support/MiKTeX/texmfs/install/tex/latex/e
numitem/enumitem.sty
Package: enumitem 2019/06/20 v3.9 Customized lists
\enitkv@toks@=\toks20
\labelindent=\skip54
\enit@outerparindent=\dimen147
\enit@toks=\toks21
\enit@inbox=\box53
\enit@count@id=\count270
\enitdp@description=\count271
)
(/Users/divyanshu/Library/Application Support/MiKTeX/texmfs/install/tex/latex/h
yperref/hyperref.sty
Package: hyperref 2024-11-05 v7.01l Hypertext links for LaTeX

(/Users/divyanshu/Library/Application Support/MiKTeX/texmfs/install/tex/generic
/iftex/iftex.sty
Package: iftex 2022/02/03 v1.0f TeX engine tests
)
(/Users/divyanshu/Library/Application Support/MiKTeX/texmfs/install/tex/latex/g
raphics/keyval.sty
Package: keyval 2022/05/29 v1.15 key=value parser (DPC)
\KV@toks@=\toks22
)
(/Users/divyanshu/Library/Application Support/MiKTeX/texmfs/install/tex/latex/k
vsetkeys/kvsetkeys.sty
Package: kvsetkeys 2022-10-05 v1.19 Key value parser (HO)
)
(/Users/divyanshu/Library/Application Support/MiKTeX/texmfs/install/tex/generic
/kvdefinekeys/kvdefinekeys.sty
Package: kvdefinekeys 2019-12-19 v1.6 Define keys (HO)
)
(/Users/divyanshu/Library/Application Support/MiKTeX/texmfs/install/tex/generic
/pdfescape/pdfescape.sty
Package: pdfescape 2019/12/09 v1.15 Implements pdfTeX's escape features (HO)

(/Users/divyanshu/Library/Application Support/MiKTeX/texmfs/install/tex/generic
/ltxcmds/ltxcmds.sty
Package: ltxcmds 2023-12-04 v1.26 LaTeX kernel commands for general use (HO)
)
(/Users/divyanshu/Library/Application Support/MiKTeX/texmfs/install/tex/generic
/pdftexcmds/pdftexcmds.sty
Package: pdftexcmds 2020-06-27 v0.33 Utility functions of pdfTeX for LuaTeX (HO
)

(/Users/divyanshu/Library/Application Support/MiKTeX/texmfs/install/tex/generic
/infwarerr/infwarerr.sty
Package: infwarerr 2019/12/03 v1.5 Providing info/warning/error messages (HO)
)
Package pdftexcmds Info: \pdf@primitive is available.
Package pdftexcmds Info: \pdf@ifprimitive is available.
Package pdftexcmds Info: \pdfdraftmode found.
))
(/Users/divyanshu/Library/Application Support/MiKTeX/texmfs/install/tex/latex/h
ycolor/hycolor.sty
Package: hycolor 2020-01-27 v1.10 Color options for hyperref/bookmark (HO)
)
(/Users/divyanshu/Library/Application Support/MiKTeX/texmfs/install/tex/latex/h
yperref/nameref.sty
Package: nameref 2023-11-26 v2.56 Cross-referencing by name of section

(/Users/divyanshu/Library/Application Support/MiKTeX/texmfs/install/tex/latex/r
efcount/refcount.sty
Package: refcount 2019/12/15 v3.6 Data extraction from label references (HO)
)
(/Users/divyanshu/Library/Application Support/MiKTeX/texmfs/install/tex/generic
/gettitlestring/gettitlestring.sty
Package: gettitlestring 2019/12/15 v1.6 Cleanup title references (HO)

(/Users/divyanshu/Library/Application Support/MiKTeX/texmfs/install/tex/latex/k
voptions/kvoptions.sty
Package: kvoptions 2022-06-15 v3.15 Key value format for package options (HO)
))
\c@section@level=\count272
)
(/Users/divyanshu/Library/Application Support/MiKTeX/texmfs/install/tex/latex/e
toolbox/etoolbox.sty
Package: etoolbox 2020/10/05 v2.5k e-TeX tools for LaTeX (JAW)
\etb@tempcnta=\count273
)
(/Users/divyanshu/Library/Application Support/MiKTeX/texmfs/install/tex/generic
/stringenc/stringenc.sty
Package: stringenc 2019/11/29 v1.12 Convert strings between diff. encodings (HO
)
)
\@linkdim=\dimen148
\Hy@linkcounter=\count274
\Hy@pagecounter=\count275

(/Users/divyanshu/Library/Application Support/MiKTeX/texmfs/install/tex/latex/h
yperref/pd1enc.def
File: pd1enc.def 2024-11-05 v7.01l Hyperref: PDFDocEncoding definition (HO)
Now handling font encoding PD1 ...
... no UTF-8 mapping file for font encoding PD1
)
(/Users/divyanshu/Library/Application Support/MiKTeX/texmfs/install/tex/generic
/intcalc/intcalc.sty
Package: intcalc 2019/12/15 v1.3 Expandable calculations with integers (HO)
)
\Hy@SavedSpaceFactor=\count276

(/Users/divyanshu/Library/Application Support/MiKTeX/texmfs/install/tex/latex/h
yperref/puenc.def
File: puenc.def 2024-11-05 v7.01l Hyperref: PDF Unicode definition (HO)
Now handling font encoding PU ...
... no UTF-8 mapping file for font encoding PU
)
Package hyperref Info: Hyper figures OFF on input line 4157.
Package hyperref Info: Link nesting OFF on input line 4162.
Package hyperref Info: Hyper index ON on input line 4165.
Package hyperref Info: Plain pages OFF on input line 4172.
Package hyperref Info: Backreferencing OFF on input line 4177.
Package hyperref Info: Implicit mode ON; LaTeX internals redefined.
Package hyperref Info: Bookmarks ON on input line 4424.
\c@Hy@tempcnt=\count277

(/Users/divyanshu/Library/Application Support/MiKTeX/texmfs/install/tex/latex/u
rl/url.sty
\Urlmuskip=\muskip17
Package: url 2013/09/16  ver 3.4  Verb mode for urls, etc.
)
LaTeX Info: Redefining \url on input line 4763.
\XeTeXLinkMargin=\dimen149

(/Users/divyanshu/Library/Application Support/MiKTeX/texmfs/install/tex/generic
/bitset/bitset.sty
Package: bitset 2019/12/09 v1.3 Handle bit-vector datatype (HO)

(/Users/divyanshu/Library/Application Support/MiKTeX/texmfs/install/tex/generic
/bigintcalc/bigintcalc.sty
Package: bigintcalc 2019/12/15 v1.5 Expandable calculations on big integers (HO
)
))
\Fld@menulength=\count278
\Field@Width=\dimen150
\Fld@charsize=\dimen151
Package hyperref Info: Hyper figures OFF on input line 6042.
Package hyperref Info: Link nesting OFF on input line 6047.
Package hyperref Info: Hyper index ON on input line 6050.
Package hyperref Info: backreferencing OFF on input line 6057.
Package hyperref Info: Link coloring OFF on input line 6062.
Package hyperref Info: Link coloring with OCG OFF on input line 6067.
Package hyperref Info: PDF/A mode OFF on input line 6072.

(/Users/divyanshu/Library/Application Support/MiKTeX/texmfs/install/tex/latex/b
ase/atbegshi-ltx.sty
Package: atbegshi-ltx 2021/01/10 v1.0c Emulation of the original atbegshi
package with kernel methods
)
\Hy@abspage=\count279
\c@Item=\count280
\c@Hfootnote=\count281
)
Package hyperref Info: Driver: hpdftex.

(/Users/divyanshu/Library/Application Support/MiKTeX/texmfs/install/tex/latex/h
yperref/hpdftex.def
File: hpdftex.def 2024-11-05 v7.01l Hyperref driver for pdfTeX

(/Users/divyanshu/Library/Application Support/MiKTeX/texmfs/install/tex/latex/b
ase/atveryend-ltx.sty
Package: atveryend-ltx 2020/08/19 v1.0a Emulation of the original atveryend pac
kage
with kernel methods
)
\Fld@listcount=\count282
\c@bookmark@seq@number=\count283

(/Users/divyanshu/Library/Application Support/MiKTeX/texmfs/install/tex/latex/r
erunfilecheck/rerunfilecheck.sty
Package: rerunfilecheck 2022-07-10 v1.10 Rerun checks for auxiliary files (HO)

(/Users/divyanshu/Library/Application Support/MiKTeX/texmfs/install/tex/generic
/uniquecounter/uniquecounter.sty
Package: uniquecounter 2019/12/15 v1.4 Provide unlimited unique counter (HO)
)
Package uniquecounter Info: New unique counter `rerunfilecheck' on input line 2
85.
)
\Hy@SectionHShift=\skip55
)
(/Users/divyanshu/Library/Application Support/MiKTeX/texmfs/install/tex/latex/f
ancyhdr/fancyhdr.sty
Package: fancyhdr 2024/11/20 v4.4 Extensive control of page headers and footers

\f@nch@headwidth=\skip56
\f@nch@O@elh=\skip57
\f@nch@O@erh=\skip58
\f@nch@O@olh=\skip59
\f@nch@O@orh=\skip60
\f@nch@O@elf=\skip61
\f@nch@O@erf=\skip62
\f@nch@O@olf=\skip63
\f@nch@O@orf=\skip64
)
(/Users/divyanshu/Library/Application Support/MiKTeX/texmfs/install/tex/latex/g
raphics/graphicx.sty
Package: graphicx 2021/09/16 v1.2d Enhanced LaTeX Graphics (DPC,SPQR)

(/Users/divyanshu/Library/Application Support/MiKTeX/texmfs/install/tex/latex/g
raphics/graphics.sty
Package: graphics 2024/08/06 v1.4g Standard LaTeX Graphics (DPC,SPQR)

(/Users/divyanshu/Library/Application Support/MiKTeX/texmfs/install/tex/latex/g
raphics/trig.sty
Package: trig 2023/12/02 v1.11 sin cos tan (DPC)
)
(/Users/divyanshu/Library/Application Support/MiKTeX/texmfs/install/tex/latex/g
raphics-cfg/graphics.cfg
File: graphics.cfg 2016/06/04 v1.11 sample graphics configuration
)
Package graphics Info: Driver file: pdftex.def on input line 106.
)
\Gin@req@height=\dimen152
\Gin@req@width=\dimen153
)
(/Users/divyanshu/Library/Application Support/MiKTeX/texmfs/install/tex/latex/l
3backend/l3backend-pdftex.def
File: l3backend-pdftex.def 2024-05-08 L3 backend support: PDF output (pdfTeX)
\l__color_backend_stack_int=\count284
\l__pdf_internal_box=\box54
) (Divyanshu_Alok_Resume.aux)
\openout1 = `Divyanshu_Alok_Resume.aux'.

LaTeX Font Info:    Checking defaults for OML/cmm/m/it on input line 70.
LaTeX Font Info:    ... okay on input line 70.
LaTeX Font Info:    Checking defaults for OMS/cmsy/m/n on input line 70.
LaTeX Font Info:    ... okay on input line 70.
LaTeX Font Info:    Checking defaults for OT1/cmr/m/n on input line 70.
LaTeX Font Info:    ... okay on input line 70.
LaTeX Font Info:    Checking defaults for T1/cmr/m/n on input line 70.
LaTeX Font Info:    ... okay on input line 70.
LaTeX Font Info:    Checking defaults for TS1/cmr/m/n on input line 70.
LaTeX Font Info:    ... okay on input line 70.
LaTeX Font Info:    Checking defaults for OMX/cmex/m/n on input line 70.
LaTeX Font Info:    ... okay on input line 70.
LaTeX Font Info:    Checking defaults for U/cmr/m/n on input line 70.
LaTeX Font Info:    ... okay on input line 70.
LaTeX Font Info:    Checking defaults for PD1/pdf/m/n on input line 70.
LaTeX Font Info:    ... okay on input line 70.
LaTeX Font Info:    Checking defaults for PU/pdf/m/n on input line 70.
LaTeX Font Info:    ... okay on input line 70.

(/Users/divyanshu/Library/Application Support/MiKTeX/texmfs/install/tex/context
/base/mkii/supp-pdf.mkii
[Loading MPS to PDF converter (version 2006.09.02).]
\scratchcounter=\count285
\scratchdimen=\dimen154
\scratchbox=\box55
\nofMPsegments=\count286
\nofMParguments=\count287
\everyMPshowfont=\toks23
\MPscratchCnt=\count288
\MPscratchDim=\dimen155
\MPnumerator=\count289
\makeMPintoPDFobject=\count290
\everyMPtoPDFconversion=\toks24
)
(/Users/divyanshu/Library/Application Support/MiKTeX/texmfs/install/tex/latex/e
pstopdf-pkg/epstopdf-base.sty
Package: epstopdf-base 2020-01-24 v2.11 Base part for package epstopdf
Package epstopdf-base Info: Redefining graphics rule for `.eps' on input line 4
85.

(/Users/divyanshu/Library/Application Support/MiKTeX/texmfs/install/tex/latex/0
0miktex/epstopdf-sys.cfg
File: epstopdf-sys.cfg 2021/03/18 v2.0 Configuration of epstopdf for MiKTeX
))
Package hyperref Info: Link coloring OFF on input line 70.
 (Divyanshu_Alok_Resume.out)
(Divyanshu_Alok_Resume.out)
\@outlinefile=\write3
\openout3 = `Divyanshu_Alok_Resume.out'.

LaTeX Font Info:    External font `cmex10' loaded for size
(Font)              <10.95> on input line 74.
LaTeX Font Info:    External font `cmex10' loaded for size
(Font)              <8> on input line 74.
LaTeX Font Info:    External font `cmex10' loaded for size
(Font)              <6> on input line 74.
LaTeX Font Info:    Trying to load font information for U+lasy on input line 74
.

(/Users/divyanshu/Library/Application Support/MiKTeX/texmfs/install/tex/latex/b
ase/ulasy.fd
File: ulasy.fd 1998/08/17 v2.2e LaTeX symbol font definitions
)
LaTeX Font Info:    External font `cmex10' loaded for size
(Font)              <7> on input line 89.
LaTeX Font Info:    External font `cmex10' loaded for size
(Font)              <5> on input line 89.



Package fancyhdr Warning: \footskip is too small (0.0pt): 
(fancyhdr)                Make it at least 4.08003pt, for example:
(fancyhdr)                \setlength{\footskip}{4.08003pt}.

[1

{/Users/divyanshu/Library/Application Support/MiKTeX/texmfs/data/fonts/map/pdft
ex/pdftex.map}]


Package fancyhdr Warning: \footskip is too small (0.0pt): 
(fancyhdr)                Make it at least 4.08003pt, for example:
(fancyhdr)                \setlength{\footskip}{4.08003pt}.

[2] (Divyanshu_Alok_Resume.aux)
 ***********
LaTeX2e <2024-11-01>
L3 programming layer <2024-11-02>
 ***********
Package rerunfilecheck Info: File `Divyanshu_Alok_Resume.out' has not changed.
(rerunfilecheck)             Checksum: 1F9ECAA1F4E2E69A84436613CE941F31;503.
 ) 
Here is how much of TeX's memory you used:
 9894 strings out of 475616
 157717 string characters out of 5768445
 571540 words of memory out of 5000000
 32612 multiletter control sequences out of 15000+600000
 564635 words of font info for 61 fonts, out of 8000000 for 9000
 0 hyphenation exceptions out of 8191
 75i,11n,79p,381b,544s stack positions out of 10000i,1000n,20000p,200000b,200000s
 </Users/divyanshu/Library/Application Support/MiKTeX/texmfs/data/fonts/pk/lj
four/jknappen/ec/dpi600/tcrm1000.pk> </Users/divyanshu/Library/Application Supp
ort/MiKTeX/texmfs/data/fonts/pk/ljfour/public/cm/dpi600/cmbx10.pk> </Users/divy
anshu/Library/Application Support/MiKTeX/texmfs/data/fonts/pk/ljfour/public/cm/
dpi600/cmsy10.pk> </Users/divyanshu/Library/Application Support/MiKTeX/texmfs/d
ata/fonts/pk/ljfour/public/cm/dpi600/cmr10.pk> </Users/divyanshu/Library/Applic
ation Support/MiKTeX/texmfs/data/fonts/pk/ljfour/public/cm/dpi657/cmsy10.pk> </
Users/divyanshu/Library/Application Support/MiKTeX/texmfs/data/fonts/pk/ljfour/
public/cm/dpi600/cmti10.pk> </Users/divyanshu/Library/Application Support/MiKTe
X/texmfs/data/fonts/pk/ljfour/public/cm/dpi657/cmbx10.pk> </Users/divyanshu/Lib
rary/Application Support/MiKTeX/texmfs/data/fonts/pk/ljfour/jknappen/ec/dpi600/
tcrm1095.pk> </Users/divyanshu/Library/Application Support/MiKTeX/texmfs/data/f
onts/pk/ljfour/public/cm/dpi720/cmcsc10.pk> </Users/divyanshu/Library/Applicati
on Support/MiKTeX/texmfs/data/fonts/pk/ljfour/public/cm/dpi657/cmr10.pk> </User
s/divyanshu/Library/Application Support/MiKTeX/texmfs/data/fonts/pk/ljfour/publ
ic/cm/dpi720/cmbx12.pk>
Output written on Divyanshu_Alok_Resume.pdf (2 pages, 103596 bytes).
PDF statistics:
 358 PDF objects out of 1000 (max. 8388607)
 8 named destinations out of 1000 (max. 500000)
 41 words of extra memory for PDF output out of 10000 (max. 10000000)

